{"C:\\Users\\FarmNovation\\AndyDoc\\stealth-edtech\\src\\models\\question\\question.model.ts": {"path":"C:\\Users\\FarmNovation\\AndyDoc\\stealth-edtech\\src\\models\\question\\question.model.ts","statementMap":{"0":{"start":{"line":1,"column":0},"end":{"line":1,"column":34}},"1":{"start":{"line":3,"column":13},"end":{"line":12,"column":2}}},"fnMap":{},"branchMap":{},"s":{"0":1,"1":1},"f":{},"b":{}}
,"C:\\Users\\FarmNovation\\AndyDoc\\stealth-edtech\\src\\models\\question\\question.ts": {"path":"C:\\Users\\FarmNovation\\AndyDoc\\stealth-edtech\\src\\models\\question\\question.ts","statementMap":{"0":{"start":{"line":1,"column":0},"end":{"line":1,"column":33}},"1":{"start":{"line":3,"column":0},"end":{"line":3,"column":50}},"2":{"start":{"line":5,"column":22},"end":{"line":5,"column":66}},"3":{"start":{"line":6,"column":0},"end":{"line":6,"column":29}}},"fnMap":{},"branchMap":{},"s":{"0":1,"1":1,"2":1,"3":1},"f":{},"b":{}}
,"C:\\Users\\FarmNovation\\AndyDoc\\stealth-edtech\\src\\models\\topic\\topic.model.ts": {"path":"C:\\Users\\FarmNovation\\AndyDoc\\stealth-edtech\\src\\models\\topic\\topic.model.ts","statementMap":{"0":{"start":{"line":1,"column":0},"end":{"line":1,"column":34}},"1":{"start":{"line":3,"column":13},"end":{"line":16,"column":2}}},"fnMap":{},"branchMap":{},"s":{"0":1,"1":1},"f":{},"b":{}}
,"C:\\Users\\FarmNovation\\AndyDoc\\stealth-edtech\\src\\models\\topic\\topic.ts": {"path":"C:\\Users\\FarmNovation\\AndyDoc\\stealth-edtech\\src\\models\\topic\\topic.ts","statementMap":{"0":{"start":{"line":1,"column":0},"end":{"line":1,"column":33}},"1":{"start":{"line":3,"column":0},"end":{"line":3,"column":44}},"2":{"start":{"line":5,"column":19},"end":{"line":5,"column":54}},"3":{"start":{"line":6,"column":0},"end":{"line":6,"column":26}}},"fnMap":{},"branchMap":{},"s":{"0":1,"1":1,"2":1,"3":1},"f":{},"b":{}}
,"C:\\Users\\FarmNovation\\AndyDoc\\stealth-edtech\\src\\services\\question.services.ts": {"path":"C:\\Users\\FarmNovation\\AndyDoc\\stealth-edtech\\src\\services\\question.services.ts","statementMap":{"0":{"start":{"line":1,"column":0},"end":{"line":1,"column":56}},"1":{"start":{"line":3,"column":0},"end":{"line":3,"column":36}},"2":{"start":{"line":5,"column":30},"end":{"line":22,"column":2}},"3":{"start":{"line":11,"column":25},"end":{"line":22,"column":2}},"4":{"start":{"line":12,"column":2},"end":{"line":21,"column":7}},"5":{"start":{"line":19,"column":6},"end":{"line":19,"column":null}},"6":{"start":{"line":20,"column":6},"end":{"line":20,"column":55}},"7":{"start":{"line":5,"column":13},"end":{"line":5,"column":30}}},"fnMap":{"0":{"name":"(anonymous_8)","decl":{"start":{"line":5,"column":30},"end":{"line":5,"column":37}},"loc":{"start":{"line":11,"column":25},"end":{"line":22,"column":2}}},"1":{"name":"(anonymous_9)","decl":{"start":{"line":11,"column":25},"end":{"line":11,"column":null}},"loc":{"start":{"line":11,"column":25},"end":{"line":22,"column":1}}},"2":{"name":"(anonymous_10)","decl":{"start":{"line":17,"column":11},"end":{"line":17,"column":12}},"loc":{"start":{"line":17,"column":28},"end":{"line":21,"column":5}}}},"branchMap":{},"s":{"0":1,"1":1,"2":1,"3":2,"4":2,"5":1,"6":1,"7":1},"f":{"0":2,"1":2,"2":1},"b":{}}
,"C:\\Users\\FarmNovation\\AndyDoc\\stealth-edtech\\src\\services\\topic.services.ts": {"path":"C:\\Users\\FarmNovation\\AndyDoc\\stealth-edtech\\src\\services\\topic.services.ts","statementMap":{"0":{"start":{"line":2,"column":0},"end":{"line":2,"column":47}},"1":{"start":{"line":3,"column":0},"end":{"line":3,"column":54}},"2":{"start":{"line":5,"column":27},"end":{"line":24,"column":2}},"3":{"start":{"line":11,"column":29},"end":{"line":24,"column":2}},"4":{"start":{"line":12,"column":2},"end":{"line":23,"column":null}},"5":{"start":{"line":13,"column":4},"end":{"line":13,"column":28}},"6":{"start":{"line":13,"column":16},"end":{"line":13,"column":28}},"7":{"start":{"line":14,"column":4},"end":{"line":18,"column":7}},"8":{"start":{"line":21,"column":4},"end":{"line":21,"column":20}},"9":{"start":{"line":22,"column":4},"end":{"line":22,"column":50}},"10":{"start":{"line":5,"column":13},"end":{"line":5,"column":27}},"11":{"start":{"line":26,"column":25},"end":{"line":35,"column":2}},"12":{"start":{"line":26,"column":73},"end":{"line":35,"column":2}},"13":{"start":{"line":27,"column":2},"end":{"line":34,"column":null}},"14":{"start":{"line":28,"column":4},"end":{"line":28,"column":28}},"15":{"start":{"line":28,"column":16},"end":{"line":28,"column":28}},"16":{"start":{"line":29,"column":4},"end":{"line":29,"column":47}},"17":{"start":{"line":32,"column":4},"end":{"line":32,"column":20}},"18":{"start":{"line":33,"column":4},"end":{"line":33,"column":44}},"19":{"start":{"line":26,"column":13},"end":{"line":26,"column":25}},"20":{"start":{"line":37,"column":44},"end":{"line":95,"column":2}},"21":{"start":{"line":39,"column":23},"end":{"line":95,"column":2}},"22":{"start":{"line":40,"column":2},"end":{"line":94,"column":null}},"23":{"start":{"line":41,"column":4},"end":{"line":41,"column":26}},"24":{"start":{"line":41,"column":16},"end":{"line":41,"column":26}},"25":{"start":{"line":42,"column":22},"end":{"line":86,"column":6}},"26":{"start":{"line":87,"column":4},"end":{"line":89,"column":6}},"27":{"start":{"line":88,"column":19},"end":{"line":88,"column":null}},"28":{"start":{"line":92,"column":4},"end":{"line":92,"column":20}},"29":{"start":{"line":93,"column":4},"end":{"line":93,"column":54}},"30":{"start":{"line":37,"column":13},"end":{"line":37,"column":44}}},"fnMap":{"0":{"name":"(anonymous_8)","decl":{"start":{"line":5,"column":27},"end":{"line":5,"column":34}},"loc":{"start":{"line":11,"column":29},"end":{"line":24,"column":2}}},"1":{"name":"(anonymous_9)","decl":{"start":{"line":11,"column":29},"end":{"line":11,"column":null}},"loc":{"start":{"line":11,"column":29},"end":{"line":24,"column":1}}},"2":{"name":"(anonymous_10)","decl":{"start":{"line":26,"column":25},"end":{"line":26,"column":32}},"loc":{"start":{"line":26,"column":73},"end":{"line":35,"column":2}}},"3":{"name":"(anonymous_11)","decl":{"start":{"line":26,"column":73},"end":{"line":26,"column":null}},"loc":{"start":{"line":26,"column":73},"end":{"line":35,"column":1}}},"4":{"name":"(anonymous_12)","decl":{"start":{"line":37,"column":44},"end":{"line":37,"column":null}},"loc":{"start":{"line":39,"column":23},"end":{"line":95,"column":2}}},"5":{"name":"(anonymous_13)","decl":{"start":{"line":39,"column":23},"end":{"line":39,"column":null}},"loc":{"start":{"line":39,"column":23},"end":{"line":95,"column":1}}},"6":{"name":"(anonymous_14)","decl":{"start":{"line":88,"column":6},"end":{"line":88,"column":7}},"loc":{"start":{"line":88,"column":19},"end":{"line":88,"column":null}}}},"branchMap":{"0":{"loc":{"start":{"line":13,"column":4},"end":{"line":13,"column":28}},"type":"if","locations":[{"start":{"line":13,"column":4},"end":{"line":13,"column":28}},{"start":{"line":13,"column":4},"end":{"line":13,"column":28}}]},"1":{"loc":{"start":{"line":28,"column":4},"end":{"line":28,"column":28}},"type":"if","locations":[{"start":{"line":28,"column":4},"end":{"line":28,"column":28}},{"start":{"line":28,"column":4},"end":{"line":28,"column":28}}]},"2":{"loc":{"start":{"line":41,"column":4},"end":{"line":41,"column":26}},"type":"if","locations":[{"start":{"line":41,"column":4},"end":{"line":41,"column":26}},{"start":{"line":41,"column":4},"end":{"line":41,"column":26}}]},"3":{"loc":{"start":{"line":88,"column":55},"end":{"line":88,"column":59}},"type":"cond-expr","locations":[{"start":{"line":88,"column":55},"end":{"line":88,"column":59}},{"start":{"line":88,"column":59},"end":{"line":88,"column":61}}]},"4":{"loc":{"start":{"line":88,"column":19},"end":{"line":88,"column":59}},"type":"binary-expr","locations":[{"start":{"line":88,"column":19},"end":{"line":88,"column":59}},{"start":{"line":88,"column":55},"end":{"line":88,"column":59}}]},"5":{"loc":{"start":{"line":88,"column":39},"end":{"line":88,"column":41}},"type":"cond-expr","locations":[{"start":{"line":88,"column":39},"end":{"line":88,"column":41}},{"start":{"line":88,"column":39},"end":{"line":88,"column":55}}]},"6":{"loc":{"start":{"line":88,"column":19},"end":{"line":88,"column":41}},"type":"binary-expr","locations":[{"start":{"line":88,"column":19},"end":{"line":88,"column":41}},{"start":{"line":88,"column":39},"end":{"line":88,"column":41}}]},"7":{"loc":{"start":{"line":88,"column":28},"end":{"line":88,"column":30}},"type":"cond-expr","locations":[{"start":{"line":88,"column":28},"end":{"line":88,"column":30}},{"start":{"line":88,"column":20},"end":{"line":88,"column":39}}]},"8":{"loc":{"start":{"line":88,"column":20},"end":{"line":88,"column":30}},"type":"binary-expr","locations":[{"start":{"line":88,"column":20},"end":{"line":88,"column":30}},{"start":{"line":88,"column":20},"end":{"line":88,"column":30}}]}},"s":{"0":1,"1":1,"2":1,"3":3,"4":3,"5":3,"6":1,"7":2,"8":1,"9":1,"10":1,"11":1,"12":3,"13":3,"14":3,"15":1,"16":2,"17":1,"18":1,"19":1,"20":1,"21":3,"22":3,"23":3,"24":1,"25":2,"26":2,"27":1,"28":1,"29":1,"30":1},"f":{"0":3,"1":3,"2":3,"3":3,"4":3,"5":3,"6":1},"b":{"0":[1,2],"1":[1,2],"2":[1,2],"3":[1,0],"4":[1,1],"5":[0,1],"6":[1,1],"7":[0,1],"8":[1,1]}}
,"C:\\Users\\FarmNovation\\AndyDoc\\stealth-edtech\\src\\utils\\index.ts": {"path":"C:\\Users\\FarmNovation\\AndyDoc\\stealth-edtech\\src\\utils\\index.ts","statementMap":{"0":{"start":{"line":1,"column":0},"end":{"line":1,"column":39}},"1":{"start":{"line":2,"column":20},"end":{"line":111,"column":2}},"2":{"start":{"line":113,"column":32},"end":{"line":126,"column":1}},"3":{"start":{"line":114,"column":2},"end":{"line":125,"column":4}},"4":{"start":{"line":120,"column":10},"end":{"line":122,"column":42}},"5":{"start":{"line":121,"column":31},"end":{"line":121,"column":55}},"6":{"start":{"line":113,"column":13},"end":{"line":113,"column":32}},"7":{"start":{"line":128,"column":24},"end":{"line":130,"column":1}},"8":{"start":{"line":129,"column":2},"end":{"line":129,"column":33}},"9":{"start":{"line":128,"column":13},"end":{"line":128,"column":24}}},"fnMap":{"0":{"name":"(anonymous_6)","decl":{"start":{"line":113,"column":32},"end":{"line":113,"column":33}},"loc":{"start":{"line":113,"column":64},"end":{"line":126,"column":1}}},"1":{"name":"(anonymous_7)","decl":{"start":{"line":119,"column":16},"end":{"line":119,"column":17}},"loc":{"start":{"line":119,"column":33},"end":{"line":123,"column":9}}},"2":{"name":"(anonymous_8)","decl":{"start":{"line":121,"column":17},"end":{"line":121,"column":27}},"loc":{"start":{"line":121,"column":31},"end":{"line":121,"column":55}}},"3":{"name":"(anonymous_9)","decl":{"start":{"line":128,"column":24},"end":{"line":128,"column":25}},"loc":{"start":{"line":128,"column":47},"end":{"line":130,"column":1}}}},"branchMap":{},"s":{"0":2,"1":2,"2":2,"3":2,"4":35,"5":3780,"6":2,"7":2,"8":4,"9":2},"f":{"0":2,"1":35,"2":3780,"3":4},"b":{}}
}
