{"C:\\Users\\FarmNovation\\AndyDoc\\stealth-edtech\\dist\\src\\models\\question\\question.js": {"path":"C:\\Users\\FarmNovation\\AndyDoc\\stealth-edtech\\dist\\src\\models\\question\\question.js","statementMap":{"0":{"start":{"line":2,"column":0},"end":{"line":2,"column":62}},"1":{"start":{"line":3,"column":19},"end":{"line":3,"column":38}},"2":{"start":{"line":4,"column":25},"end":{"line":4,"column":52}},"3":{"start":{"line":5,"column":22},"end":{"line":5,"column":83}},"4":{"start":{"line":6,"column":0},"end":{"line":6,"column":32}}},"fnMap":{},"branchMap":{},"s":{"0":1,"1":1,"2":1,"3":1,"4":1},"f":{},"b":{},"inputSourceMap":null,"_coverageSchema":"1a1c01bbd47fc00a2c39e90264f33305004495a9","hash":"cdcf03410b8dbd1ee322265adff55452d96230f9"}
,"C:\\Users\\FarmNovation\\AndyDoc\\stealth-edtech\\dist\\src\\models\\question\\question.model.js": {"path":"C:\\Users\\FarmNovation\\AndyDoc\\stealth-edtech\\dist\\src\\models\\question\\question.model.js","statementMap":{"0":{"start":{"line":2,"column":0},"end":{"line":2,"column":62}},"1":{"start":{"line":3,"column":0},"end":{"line":3,"column":32}},"2":{"start":{"line":4,"column":19},"end":{"line":4,"column":38}},"3":{"start":{"line":5,"column":0},"end":{"line":11,"column":25}}},"fnMap":{},"branchMap":{},"s":{"0":1,"1":1,"2":1,"3":1},"f":{},"b":{},"inputSourceMap":null,"_coverageSchema":"1a1c01bbd47fc00a2c39e90264f33305004495a9","hash":"dd08bac3f652689f7c4a528f0028034fa469fe57"}
,"C:\\Users\\FarmNovation\\AndyDoc\\stealth-edtech\\dist\\src\\models\\topic\\topic.js": {"path":"C:\\Users\\FarmNovation\\AndyDoc\\stealth-edtech\\dist\\src\\models\\topic\\topic.js","statementMap":{"0":{"start":{"line":2,"column":0},"end":{"line":2,"column":62}},"1":{"start":{"line":3,"column":19},"end":{"line":3,"column":38}},"2":{"start":{"line":4,"column":22},"end":{"line":4,"column":46}},"3":{"start":{"line":5,"column":19},"end":{"line":5,"column":71}},"4":{"start":{"line":6,"column":0},"end":{"line":6,"column":29}}},"fnMap":{},"branchMap":{},"s":{"0":1,"1":1,"2":1,"3":1,"4":1},"f":{},"b":{},"inputSourceMap":null,"_coverageSchema":"1a1c01bbd47fc00a2c39e90264f33305004495a9","hash":"9d06d58ccd981c3c873dce7acdd234bf92f9c535"}
,"C:\\Users\\FarmNovation\\AndyDoc\\stealth-edtech\\dist\\src\\models\\topic\\topic.model.js": {"path":"C:\\Users\\FarmNovation\\AndyDoc\\stealth-edtech\\dist\\src\\models\\topic\\topic.model.js","statementMap":{"0":{"start":{"line":2,"column":0},"end":{"line":2,"column":62}},"1":{"start":{"line":3,"column":0},"end":{"line":3,"column":29}},"2":{"start":{"line":4,"column":19},"end":{"line":4,"column":38}},"3":{"start":{"line":5,"column":0},"end":{"line":15,"column":25}}},"fnMap":{},"branchMap":{},"s":{"0":1,"1":1,"2":1,"3":1},"f":{},"b":{},"inputSourceMap":null,"_coverageSchema":"1a1c01bbd47fc00a2c39e90264f33305004495a9","hash":"cdc2b36e4027ecaee1acc18a2ecd8d5300499e51"}
,"C:\\Users\\FarmNovation\\AndyDoc\\stealth-edtech\\dist\\src\\services\\question.services.js": {"path":"C:\\Users\\FarmNovation\\AndyDoc\\stealth-edtech\\dist\\src\\services\\question.services.js","statementMap":{"0":{"start":{"line":2,"column":16},"end":{"line":10,"column":1}},"1":{"start":{"line":3,"column":28},"end":{"line":3,"column":110}},"2":{"start":{"line":3,"column":91},"end":{"line":3,"column":106}},"3":{"start":{"line":4,"column":4},"end":{"line":9,"column":7}},"4":{"start":{"line":5,"column":36},"end":{"line":5,"column":97}},"5":{"start":{"line":5,"column":42},"end":{"line":5,"column":70}},"6":{"start":{"line":5,"column":85},"end":{"line":5,"column":95}},"7":{"start":{"line":6,"column":35},"end":{"line":6,"column":100}},"8":{"start":{"line":6,"column":41},"end":{"line":6,"column":73}},"9":{"start":{"line":6,"column":88},"end":{"line":6,"column":98}},"10":{"start":{"line":7,"column":32},"end":{"line":7,"column":116}},"11":{"start":{"line":8,"column":8},"end":{"line":8,"column":78}},"12":{"start":{"line":11,"column":22},"end":{"line":13,"column":1}},"13":{"start":{"line":12,"column":4},"end":{"line":12,"column":62}},"14":{"start":{"line":14,"column":0},"end":{"line":14,"column":62}},"15":{"start":{"line":15,"column":0},"end":{"line":15,"column":32}},"16":{"start":{"line":16,"column":19},"end":{"line":16,"column":74}},"17":{"start":{"line":17,"column":16},"end":{"line":17,"column":35}},"18":{"start":{"line":18,"column":23},"end":{"line":29,"column":2}},"19":{"start":{"line":18,"column":61},"end":{"line":29,"column":2}},"20":{"start":{"line":19,"column":4},"end":{"line":28,"column":7}},"21":{"start":{"line":26,"column":8},"end":{"line":26,"column":32}},"22":{"start":{"line":27,"column":8},"end":{"line":27,"column":57}},"23":{"start":{"line":30,"column":0},"end":{"line":30,"column":40}}},"fnMap":{"0":{"name":"(anonymous_0)","decl":{"start":{"line":2,"column":44},"end":{"line":2,"column":45}},"loc":{"start":{"line":2,"column":89},"end":{"line":10,"column":1}},"line":2},"1":{"name":"adopt","decl":{"start":{"line":3,"column":13},"end":{"line":3,"column":18}},"loc":{"start":{"line":3,"column":26},"end":{"line":3,"column":112}},"line":3},"2":{"name":"(anonymous_2)","decl":{"start":{"line":3,"column":70},"end":{"line":3,"column":71}},"loc":{"start":{"line":3,"column":89},"end":{"line":3,"column":108}},"line":3},"3":{"name":"(anonymous_3)","decl":{"start":{"line":4,"column":36},"end":{"line":4,"column":37}},"loc":{"start":{"line":4,"column":63},"end":{"line":9,"column":5}},"line":4},"4":{"name":"fulfilled","decl":{"start":{"line":5,"column":17},"end":{"line":5,"column":26}},"loc":{"start":{"line":5,"column":34},"end":{"line":5,"column":99}},"line":5},"5":{"name":"rejected","decl":{"start":{"line":6,"column":17},"end":{"line":6,"column":25}},"loc":{"start":{"line":6,"column":33},"end":{"line":6,"column":102}},"line":6},"6":{"name":"step","decl":{"start":{"line":7,"column":17},"end":{"line":7,"column":21}},"loc":{"start":{"line":7,"column":30},"end":{"line":7,"column":118}},"line":7},"7":{"name":"(anonymous_7)","decl":{"start":{"line":11,"column":56},"end":{"line":11,"column":57}},"loc":{"start":{"line":11,"column":71},"end":{"line":13,"column":1}},"line":11},"8":{"name":"(anonymous_8)","decl":{"start":{"line":18,"column":23},"end":{"line":18,"column":24}},"loc":{"start":{"line":18,"column":61},"end":{"line":29,"column":2}},"line":18},"9":{"name":"(anonymous_9)","decl":{"start":{"line":18,"column":95},"end":{"line":18,"column":96}},"loc":{"start":{"line":18,"column":108},"end":{"line":29,"column":1}},"line":18},"10":{"name":"(anonymous_10)","decl":{"start":{"line":24,"column":15},"end":{"line":24,"column":16}},"loc":{"start":{"line":24,"column":26},"end":{"line":28,"column":5}},"line":24}},"branchMap":{"0":{"loc":{"start":{"line":2,"column":16},"end":{"line":10,"column":1}},"type":"binary-expr","locations":[{"start":{"line":2,"column":17},"end":{"line":2,"column":21}},{"start":{"line":2,"column":25},"end":{"line":2,"column":39}},{"start":{"line":2,"column":44},"end":{"line":10,"column":1}}],"line":2},"1":{"loc":{"start":{"line":3,"column":35},"end":{"line":3,"column":109}},"type":"cond-expr","locations":[{"start":{"line":3,"column":56},"end":{"line":3,"column":61}},{"start":{"line":3,"column":64},"end":{"line":3,"column":109}}],"line":3},"2":{"loc":{"start":{"line":4,"column":16},"end":{"line":4,"column":34}},"type":"binary-expr","locations":[{"start":{"line":4,"column":16},"end":{"line":4,"column":17}},{"start":{"line":4,"column":22},"end":{"line":4,"column":33}}],"line":4},"3":{"loc":{"start":{"line":7,"column":32},"end":{"line":7,"column":115}},"type":"cond-expr","locations":[{"start":{"line":7,"column":46},"end":{"line":7,"column":67}},{"start":{"line":7,"column":70},"end":{"line":7,"column":115}}],"line":7},"4":{"loc":{"start":{"line":8,"column":51},"end":{"line":8,"column":67}},"type":"binary-expr","locations":[{"start":{"line":8,"column":51},"end":{"line":8,"column":61}},{"start":{"line":8,"column":65},"end":{"line":8,"column":67}}],"line":8},"5":{"loc":{"start":{"line":11,"column":22},"end":{"line":13,"column":1}},"type":"binary-expr","locations":[{"start":{"line":11,"column":23},"end":{"line":11,"column":27}},{"start":{"line":11,"column":31},"end":{"line":11,"column":51}},{"start":{"line":11,"column":56},"end":{"line":13,"column":1}}],"line":11},"6":{"loc":{"start":{"line":12,"column":11},"end":{"line":12,"column":61}},"type":"cond-expr","locations":[{"start":{"line":12,"column":37},"end":{"line":12,"column":40}},{"start":{"line":12,"column":43},"end":{"line":12,"column":61}}],"line":12},"7":{"loc":{"start":{"line":12,"column":12},"end":{"line":12,"column":33}},"type":"binary-expr","locations":[{"start":{"line":12,"column":12},"end":{"line":12,"column":15}},{"start":{"line":12,"column":19},"end":{"line":12,"column":33}}],"line":12}},"s":{"0":1,"1":2,"2":0,"3":2,"4":1,"5":1,"6":0,"7":1,"8":1,"9":1,"10":3,"11":2,"12":1,"13":1,"14":1,"15":1,"16":1,"17":1,"18":1,"19":2,"20":2,"21":1,"22":1,"23":1},"f":{"0":2,"1":2,"2":0,"3":2,"4":1,"5":1,"6":3,"7":1,"8":2,"9":2,"10":1},"b":{"0":[1,1,1],"1":[2,0],"2":[2,2],"3":[1,2],"4":[2,2],"5":[1,1,1],"6":[1,0],"7":[1,1]},"inputSourceMap":null,"_coverageSchema":"1a1c01bbd47fc00a2c39e90264f33305004495a9","hash":"dcf42290366a87aaba8c83a3c4ee8def87b4d991"}
,"C:\\Users\\FarmNovation\\AndyDoc\\stealth-edtech\\dist\\src\\services\\topic.services.js": {"path":"C:\\Users\\FarmNovation\\AndyDoc\\stealth-edtech\\dist\\src\\services\\topic.services.js","statementMap":{"0":{"start":{"line":2,"column":16},"end":{"line":10,"column":1}},"1":{"start":{"line":3,"column":28},"end":{"line":3,"column":110}},"2":{"start":{"line":3,"column":91},"end":{"line":3,"column":106}},"3":{"start":{"line":4,"column":4},"end":{"line":9,"column":7}},"4":{"start":{"line":5,"column":36},"end":{"line":5,"column":97}},"5":{"start":{"line":5,"column":42},"end":{"line":5,"column":70}},"6":{"start":{"line":5,"column":85},"end":{"line":5,"column":95}},"7":{"start":{"line":6,"column":35},"end":{"line":6,"column":100}},"8":{"start":{"line":6,"column":41},"end":{"line":6,"column":73}},"9":{"start":{"line":6,"column":88},"end":{"line":6,"column":98}},"10":{"start":{"line":7,"column":32},"end":{"line":7,"column":116}},"11":{"start":{"line":8,"column":8},"end":{"line":8,"column":78}},"12":{"start":{"line":11,"column":22},"end":{"line":13,"column":1}},"13":{"start":{"line":12,"column":4},"end":{"line":12,"column":62}},"14":{"start":{"line":14,"column":0},"end":{"line":14,"column":62}},"15":{"start":{"line":15,"column":0},"end":{"line":15,"column":88}},"16":{"start":{"line":16,"column":16},"end":{"line":16,"column":65}},"17":{"start":{"line":17,"column":16},"end":{"line":17,"column":35}},"18":{"start":{"line":18,"column":20},"end":{"line":33,"column":2}},"19":{"start":{"line":18,"column":42},"end":{"line":33,"column":2}},"20":{"start":{"line":19,"column":4},"end":{"line":32,"column":5}},"21":{"start":{"line":20,"column":8},"end":{"line":21,"column":24}},"22":{"start":{"line":21,"column":12},"end":{"line":21,"column":24}},"23":{"start":{"line":22,"column":8},"end":{"line":26,"column":11}},"24":{"start":{"line":30,"column":8},"end":{"line":30,"column":32}},"25":{"start":{"line":31,"column":8},"end":{"line":31,"column":54}},"26":{"start":{"line":34,"column":0},"end":{"line":34,"column":34}},"27":{"start":{"line":35,"column":18},"end":{"line":46,"column":2}},"28":{"start":{"line":35,"column":29},"end":{"line":46,"column":2}},"29":{"start":{"line":36,"column":4},"end":{"line":45,"column":5}},"30":{"start":{"line":37,"column":8},"end":{"line":38,"column":24}},"31":{"start":{"line":38,"column":12},"end":{"line":38,"column":24}},"32":{"start":{"line":39,"column":8},"end":{"line":39,"column":56}},"33":{"start":{"line":43,"column":8},"end":{"line":43,"column":32}},"34":{"start":{"line":44,"column":8},"end":{"line":44,"column":48}},"35":{"start":{"line":47,"column":0},"end":{"line":47,"column":30}},"36":{"start":{"line":48,"column":37},"end":{"line":104,"column":2}},"37":{"start":{"line":48,"column":48},"end":{"line":104,"column":2}},"38":{"start":{"line":49,"column":4},"end":{"line":103,"column":5}},"39":{"start":{"line":50,"column":8},"end":{"line":51,"column":22}},"40":{"start":{"line":51,"column":12},"end":{"line":51,"column":22}},"41":{"start":{"line":52,"column":26},"end":{"line":96,"column":10}},"42":{"start":{"line":97,"column":8},"end":{"line":97,"column":244}},"43":{"start":{"line":97,"column":57},"end":{"line":97,"column":240}},"44":{"start":{"line":101,"column":8},"end":{"line":101,"column":32}},"45":{"start":{"line":102,"column":8},"end":{"line":102,"column":58}},"46":{"start":{"line":105,"column":0},"end":{"line":105,"column":68}}},"fnMap":{"0":{"name":"(anonymous_0)","decl":{"start":{"line":2,"column":44},"end":{"line":2,"column":45}},"loc":{"start":{"line":2,"column":89},"end":{"line":10,"column":1}},"line":2},"1":{"name":"adopt","decl":{"start":{"line":3,"column":13},"end":{"line":3,"column":18}},"loc":{"start":{"line":3,"column":26},"end":{"line":3,"column":112}},"line":3},"2":{"name":"(anonymous_2)","decl":{"start":{"line":3,"column":70},"end":{"line":3,"column":71}},"loc":{"start":{"line":3,"column":89},"end":{"line":3,"column":108}},"line":3},"3":{"name":"(anonymous_3)","decl":{"start":{"line":4,"column":36},"end":{"line":4,"column":37}},"loc":{"start":{"line":4,"column":63},"end":{"line":9,"column":5}},"line":4},"4":{"name":"fulfilled","decl":{"start":{"line":5,"column":17},"end":{"line":5,"column":26}},"loc":{"start":{"line":5,"column":34},"end":{"line":5,"column":99}},"line":5},"5":{"name":"rejected","decl":{"start":{"line":6,"column":17},"end":{"line":6,"column":25}},"loc":{"start":{"line":6,"column":33},"end":{"line":6,"column":102}},"line":6},"6":{"name":"step","decl":{"start":{"line":7,"column":17},"end":{"line":7,"column":21}},"loc":{"start":{"line":7,"column":30},"end":{"line":7,"column":118}},"line":7},"7":{"name":"(anonymous_7)","decl":{"start":{"line":11,"column":56},"end":{"line":11,"column":57}},"loc":{"start":{"line":11,"column":71},"end":{"line":13,"column":1}},"line":11},"8":{"name":"(anonymous_8)","decl":{"start":{"line":18,"column":20},"end":{"line":18,"column":21}},"loc":{"start":{"line":18,"column":42},"end":{"line":33,"column":2}},"line":18},"9":{"name":"(anonymous_9)","decl":{"start":{"line":18,"column":76},"end":{"line":18,"column":77}},"loc":{"start":{"line":18,"column":89},"end":{"line":33,"column":1}},"line":18},"10":{"name":"(anonymous_10)","decl":{"start":{"line":35,"column":18},"end":{"line":35,"column":19}},"loc":{"start":{"line":35,"column":29},"end":{"line":46,"column":2}},"line":35},"11":{"name":"(anonymous_11)","decl":{"start":{"line":35,"column":63},"end":{"line":35,"column":64}},"loc":{"start":{"line":35,"column":76},"end":{"line":46,"column":1}},"line":35},"12":{"name":"(anonymous_12)","decl":{"start":{"line":48,"column":37},"end":{"line":48,"column":38}},"loc":{"start":{"line":48,"column":48},"end":{"line":104,"column":2}},"line":48},"13":{"name":"(anonymous_13)","decl":{"start":{"line":48,"column":82},"end":{"line":48,"column":83}},"loc":{"start":{"line":48,"column":95},"end":{"line":104,"column":1}},"line":48},"14":{"name":"(anonymous_14)","decl":{"start":{"line":97,"column":29},"end":{"line":97,"column":30}},"loc":{"start":{"line":97,"column":43},"end":{"line":97,"column":242}},"line":97}},"branchMap":{"0":{"loc":{"start":{"line":2,"column":16},"end":{"line":10,"column":1}},"type":"binary-expr","locations":[{"start":{"line":2,"column":17},"end":{"line":2,"column":21}},{"start":{"line":2,"column":25},"end":{"line":2,"column":39}},{"start":{"line":2,"column":44},"end":{"line":10,"column":1}}],"line":2},"1":{"loc":{"start":{"line":3,"column":35},"end":{"line":3,"column":109}},"type":"cond-expr","locations":[{"start":{"line":3,"column":56},"end":{"line":3,"column":61}},{"start":{"line":3,"column":64},"end":{"line":3,"column":109}}],"line":3},"2":{"loc":{"start":{"line":4,"column":16},"end":{"line":4,"column":34}},"type":"binary-expr","locations":[{"start":{"line":4,"column":16},"end":{"line":4,"column":17}},{"start":{"line":4,"column":22},"end":{"line":4,"column":33}}],"line":4},"3":{"loc":{"start":{"line":7,"column":32},"end":{"line":7,"column":115}},"type":"cond-expr","locations":[{"start":{"line":7,"column":46},"end":{"line":7,"column":67}},{"start":{"line":7,"column":70},"end":{"line":7,"column":115}}],"line":7},"4":{"loc":{"start":{"line":8,"column":51},"end":{"line":8,"column":67}},"type":"binary-expr","locations":[{"start":{"line":8,"column":51},"end":{"line":8,"column":61}},{"start":{"line":8,"column":65},"end":{"line":8,"column":67}}],"line":8},"5":{"loc":{"start":{"line":11,"column":22},"end":{"line":13,"column":1}},"type":"binary-expr","locations":[{"start":{"line":11,"column":23},"end":{"line":11,"column":27}},{"start":{"line":11,"column":31},"end":{"line":11,"column":51}},{"start":{"line":11,"column":56},"end":{"line":13,"column":1}}],"line":11},"6":{"loc":{"start":{"line":12,"column":11},"end":{"line":12,"column":61}},"type":"cond-expr","locations":[{"start":{"line":12,"column":37},"end":{"line":12,"column":40}},{"start":{"line":12,"column":43},"end":{"line":12,"column":61}}],"line":12},"7":{"loc":{"start":{"line":12,"column":12},"end":{"line":12,"column":33}},"type":"binary-expr","locations":[{"start":{"line":12,"column":12},"end":{"line":12,"column":15}},{"start":{"line":12,"column":19},"end":{"line":12,"column":33}}],"line":12},"8":{"loc":{"start":{"line":20,"column":8},"end":{"line":21,"column":24}},"type":"if","locations":[{"start":{"line":20,"column":8},"end":{"line":21,"column":24}},{"start":{"line":20,"column":8},"end":{"line":21,"column":24}}],"line":20},"9":{"loc":{"start":{"line":37,"column":8},"end":{"line":38,"column":24}},"type":"if","locations":[{"start":{"line":37,"column":8},"end":{"line":38,"column":24}},{"start":{"line":37,"column":8},"end":{"line":38,"column":24}}],"line":37},"10":{"loc":{"start":{"line":50,"column":8},"end":{"line":51,"column":22}},"type":"if","locations":[{"start":{"line":50,"column":8},"end":{"line":51,"column":22}},{"start":{"line":50,"column":8},"end":{"line":51,"column":22}}],"line":50},"11":{"loc":{"start":{"line":97,"column":64},"end":{"line":97,"column":239}},"type":"cond-expr","locations":[{"start":{"line":97,"column":232},"end":{"line":97,"column":234}},{"start":{"line":97,"column":237},"end":{"line":97,"column":239}}],"line":97},"12":{"loc":{"start":{"line":97,"column":64},"end":{"line":97,"column":229}},"type":"binary-expr","locations":[{"start":{"line":97,"column":64},"end":{"line":97,"column":212}},{"start":{"line":97,"column":216},"end":{"line":97,"column":229}}],"line":97},"13":{"loc":{"start":{"line":97,"column":70},"end":{"line":97,"column":202}},"type":"cond-expr","locations":[{"start":{"line":97,"column":176},"end":{"line":97,"column":182}},{"start":{"line":97,"column":185},"end":{"line":97,"column":202}}],"line":97},"14":{"loc":{"start":{"line":97,"column":70},"end":{"line":97,"column":173}},"type":"binary-expr","locations":[{"start":{"line":97,"column":70},"end":{"line":97,"column":156}},{"start":{"line":97,"column":160},"end":{"line":97,"column":173}}],"line":97},"15":{"loc":{"start":{"line":97,"column":76},"end":{"line":97,"column":146}},"type":"cond-expr","locations":[{"start":{"line":97,"column":119},"end":{"line":97,"column":125}},{"start":{"line":97,"column":128},"end":{"line":97,"column":146}}],"line":97},"16":{"loc":{"start":{"line":97,"column":76},"end":{"line":97,"column":116}},"type":"binary-expr","locations":[{"start":{"line":97,"column":76},"end":{"line":97,"column":93}},{"start":{"line":97,"column":97},"end":{"line":97,"column":116}}],"line":97}},"s":{"0":1,"1":6,"2":3,"3":9,"4":4,"5":4,"6":1,"7":2,"8":2,"9":2,"10":12,"11":9,"12":1,"13":1,"14":1,"15":1,"16":1,"17":1,"18":1,"19":3,"20":3,"21":3,"22":1,"23":2,"24":1,"25":1,"26":1,"27":1,"28":3,"29":3,"30":3,"31":1,"32":2,"33":1,"34":1,"35":1,"36":1,"37":3,"38":3,"39":3,"40":1,"41":2,"42":2,"43":1,"44":1,"45":1,"46":1},"f":{"0":9,"1":6,"2":3,"3":9,"4":4,"5":2,"6":12,"7":1,"8":3,"9":3,"10":3,"11":3,"12":3,"13":3,"14":1},"b":{"0":[1,1,1],"1":[3,3],"2":[9,9],"3":[6,6],"4":[9,9],"5":[1,1,1],"6":[1,0],"7":[1,1],"8":[1,2],"9":[1,2],"10":[1,2],"11":[1,0],"12":[1,1],"13":[0,1],"14":[1,1],"15":[0,1],"16":[1,1]},"inputSourceMap":null,"_coverageSchema":"1a1c01bbd47fc00a2c39e90264f33305004495a9","hash":"6fd254004349ebeb70e61faf3c2ec7f8d0c2ec7c"}
,"C:\\Users\\FarmNovation\\AndyDoc\\stealth-edtech\\dist\\src\\utils\\index.js": {"path":"C:\\Users\\FarmNovation\\AndyDoc\\stealth-edtech\\dist\\src\\utils\\index.js","statementMap":{"0":{"start":{"line":2,"column":22},"end":{"line":8,"column":3}},"1":{"start":{"line":3,"column":4},"end":{"line":3,"column":33}},"2":{"start":{"line":3,"column":26},"end":{"line":3,"column":33}},"3":{"start":{"line":4,"column":4},"end":{"line":4,"column":89}},"4":{"start":{"line":4,"column":71},"end":{"line":4,"column":83}},"5":{"start":{"line":6,"column":4},"end":{"line":6,"column":33}},"6":{"start":{"line":6,"column":26},"end":{"line":6,"column":33}},"7":{"start":{"line":7,"column":4},"end":{"line":7,"column":17}},"8":{"start":{"line":9,"column":25},"end":{"line":13,"column":2}},"9":{"start":{"line":10,"column":4},"end":{"line":10,"column":72}},"10":{"start":{"line":12,"column":4},"end":{"line":12,"column":21}},"11":{"start":{"line":14,"column":19},"end":{"line":20,"column":1}},"12":{"start":{"line":15,"column":4},"end":{"line":15,"column":42}},"13":{"start":{"line":15,"column":31},"end":{"line":15,"column":42}},"14":{"start":{"line":16,"column":17},"end":{"line":16,"column":19}},"15":{"start":{"line":17,"column":4},"end":{"line":17,"column":141}},"16":{"start":{"line":17,"column":21},"end":{"line":17,"column":141}},"17":{"start":{"line":17,"column":40},"end":{"line":17,"column":141}},"18":{"start":{"line":17,"column":109},"end":{"line":17,"column":141}},"19":{"start":{"line":18,"column":4},"end":{"line":18,"column":36}},"20":{"start":{"line":19,"column":4},"end":{"line":19,"column":18}},"21":{"start":{"line":21,"column":0},"end":{"line":21,"column":62}},"22":{"start":{"line":22,"column":0},"end":{"line":22,"column":53}},"23":{"start":{"line":23,"column":15},"end":{"line":23,"column":52}},"24":{"start":{"line":24,"column":20},"end":{"line":133,"column":1}},"25":{"start":{"line":134,"column":25},"end":{"line":143,"column":1}},"26":{"start":{"line":135,"column":4},"end":{"line":142,"column":9}},"27":{"start":{"line":139,"column":8},"end":{"line":141,"column":42}},"28":{"start":{"line":140,"column":31},"end":{"line":140,"column":55}},"29":{"start":{"line":144,"column":0},"end":{"line":144,"column":44}},"30":{"start":{"line":145,"column":17},"end":{"line":147,"column":1}},"31":{"start":{"line":146,"column":4},"end":{"line":146,"column":35}},"32":{"start":{"line":148,"column":0},"end":{"line":148,"column":28}}},"fnMap":{"0":{"name":"(anonymous_0)","decl":{"start":{"line":2,"column":74},"end":{"line":2,"column":75}},"loc":{"start":{"line":2,"column":96},"end":{"line":5,"column":1}},"line":2},"1":{"name":"(anonymous_1)","decl":{"start":{"line":4,"column":58},"end":{"line":4,"column":59}},"loc":{"start":{"line":4,"column":69},"end":{"line":4,"column":85}},"line":4},"2":{"name":"(anonymous_2)","decl":{"start":{"line":5,"column":6},"end":{"line":5,"column":7}},"loc":{"start":{"line":5,"column":28},"end":{"line":8,"column":1}},"line":5},"3":{"name":"(anonymous_3)","decl":{"start":{"line":9,"column":80},"end":{"line":9,"column":81}},"loc":{"start":{"line":9,"column":95},"end":{"line":11,"column":1}},"line":9},"4":{"name":"(anonymous_4)","decl":{"start":{"line":11,"column":5},"end":{"line":11,"column":6}},"loc":{"start":{"line":11,"column":20},"end":{"line":13,"column":1}},"line":11},"5":{"name":"(anonymous_5)","decl":{"start":{"line":14,"column":50},"end":{"line":14,"column":51}},"loc":{"start":{"line":14,"column":65},"end":{"line":20,"column":1}},"line":14},"6":{"name":"(anonymous_6)","decl":{"start":{"line":134,"column":25},"end":{"line":134,"column":26}},"loc":{"start":{"line":134,"column":40},"end":{"line":143,"column":1}},"line":134},"7":{"name":"(anonymous_7)","decl":{"start":{"line":138,"column":16},"end":{"line":138,"column":17}},"loc":{"start":{"line":138,"column":26},"end":{"line":142,"column":5}},"line":138},"8":{"name":"(anonymous_8)","decl":{"start":{"line":140,"column":17},"end":{"line":140,"column":18}},"loc":{"start":{"line":140,"column":31},"end":{"line":140,"column":55}},"line":140},"9":{"name":"(anonymous_9)","decl":{"start":{"line":145,"column":17},"end":{"line":145,"column":18}},"loc":{"start":{"line":145,"column":28},"end":{"line":147,"column":1}},"line":145}},"branchMap":{"0":{"loc":{"start":{"line":2,"column":22},"end":{"line":8,"column":3}},"type":"binary-expr","locations":[{"start":{"line":2,"column":23},"end":{"line":2,"column":27}},{"start":{"line":2,"column":31},"end":{"line":2,"column":51}},{"start":{"line":2,"column":57},"end":{"line":8,"column":2}}],"line":2},"1":{"loc":{"start":{"line":2,"column":57},"end":{"line":8,"column":2}},"type":"cond-expr","locations":[{"start":{"line":2,"column":74},"end":{"line":5,"column":1}},{"start":{"line":5,"column":6},"end":{"line":8,"column":1}}],"line":2},"2":{"loc":{"start":{"line":3,"column":4},"end":{"line":3,"column":33}},"type":"if","locations":[{"start":{"line":3,"column":4},"end":{"line":3,"column":33}},{"start":{"line":3,"column":4},"end":{"line":3,"column":33}}],"line":3},"3":{"loc":{"start":{"line":6,"column":4},"end":{"line":6,"column":33}},"type":"if","locations":[{"start":{"line":6,"column":4},"end":{"line":6,"column":33}},{"start":{"line":6,"column":4},"end":{"line":6,"column":33}}],"line":6},"4":{"loc":{"start":{"line":9,"column":25},"end":{"line":13,"column":2}},"type":"binary-expr","locations":[{"start":{"line":9,"column":26},"end":{"line":9,"column":30}},{"start":{"line":9,"column":34},"end":{"line":9,"column":57}},{"start":{"line":9,"column":63},"end":{"line":13,"column":1}}],"line":9},"5":{"loc":{"start":{"line":9,"column":63},"end":{"line":13,"column":1}},"type":"cond-expr","locations":[{"start":{"line":9,"column":80},"end":{"line":11,"column":1}},{"start":{"line":11,"column":5},"end":{"line":13,"column":1}}],"line":9},"6":{"loc":{"start":{"line":14,"column":19},"end":{"line":20,"column":1}},"type":"binary-expr","locations":[{"start":{"line":14,"column":20},"end":{"line":14,"column":24}},{"start":{"line":14,"column":28},"end":{"line":14,"column":45}},{"start":{"line":14,"column":50},"end":{"line":20,"column":1}}],"line":14},"7":{"loc":{"start":{"line":15,"column":4},"end":{"line":15,"column":42}},"type":"if","locations":[{"start":{"line":15,"column":4},"end":{"line":15,"column":42}},{"start":{"line":15,"column":4},"end":{"line":15,"column":42}}],"line":15},"8":{"loc":{"start":{"line":15,"column":8},"end":{"line":15,"column":29}},"type":"binary-expr","locations":[{"start":{"line":15,"column":8},"end":{"line":15,"column":11}},{"start":{"line":15,"column":15},"end":{"line":15,"column":29}}],"line":15},"9":{"loc":{"start":{"line":17,"column":4},"end":{"line":17,"column":141}},"type":"if","locations":[{"start":{"line":17,"column":4},"end":{"line":17,"column":141}},{"start":{"line":17,"column":4},"end":{"line":17,"column":141}}],"line":17},"10":{"loc":{"start":{"line":17,"column":40},"end":{"line":17,"column":141}},"type":"if","locations":[{"start":{"line":17,"column":40},"end":{"line":17,"column":141}},{"start":{"line":17,"column":40},"end":{"line":17,"column":141}}],"line":17},"11":{"loc":{"start":{"line":17,"column":44},"end":{"line":17,"column":107}},"type":"binary-expr","locations":[{"start":{"line":17,"column":44},"end":{"line":17,"column":59}},{"start":{"line":17,"column":63},"end":{"line":17,"column":107}}],"line":17}},"s":{"0":2,"1":0,"2":0,"3":0,"4":0,"5":0,"6":0,"7":0,"8":2,"9":0,"10":0,"11":2,"12":2,"13":2,"14":0,"15":0,"16":0,"17":0,"18":0,"19":0,"20":0,"21":2,"22":2,"23":2,"24":2,"25":2,"26":2,"27":35,"28":3780,"29":2,"30":2,"31":4,"32":2},"f":{"0":0,"1":0,"2":0,"3":0,"4":0,"5":2,"6":2,"7":35,"8":3780,"9":4},"b":{"0":[2,2,2],"1":[2,0],"2":[0,0],"3":[0,0],"4":[2,2,2],"5":[2,0],"6":[2,2,2],"7":[2,0],"8":[2,2],"9":[0,0],"10":[0,0],"11":[0,0]},"inputSourceMap":null,"_coverageSchema":"1a1c01bbd47fc00a2c39e90264f33305004495a9","hash":"46f68a9ab5e7a427c21a8d06b322b521ba559dff"}
,"C:\\Users\\FarmNovation\\AndyDoc\\stealth-edtech\\src\\models\\question\\question.model.ts": {"path":"C:\\Users\\FarmNovation\\AndyDoc\\stealth-edtech\\src\\models\\question\\question.model.ts","statementMap":{"0":{"start":{"line":1,"column":0},"end":{"line":1,"column":34}},"1":{"start":{"line":3,"column":13},"end":{"line":12,"column":2}}},"fnMap":{},"branchMap":{},"s":{"0":1,"1":1},"f":{},"b":{}}
,"C:\\Users\\FarmNovation\\AndyDoc\\stealth-edtech\\src\\models\\question\\question.ts": {"path":"C:\\Users\\FarmNovation\\AndyDoc\\stealth-edtech\\src\\models\\question\\question.ts","statementMap":{"0":{"start":{"line":1,"column":0},"end":{"line":1,"column":33}},"1":{"start":{"line":3,"column":0},"end":{"line":3,"column":50}},"2":{"start":{"line":5,"column":22},"end":{"line":5,"column":66}},"3":{"start":{"line":6,"column":0},"end":{"line":6,"column":29}}},"fnMap":{},"branchMap":{},"s":{"0":1,"1":1,"2":1,"3":1},"f":{},"b":{}}
,"C:\\Users\\FarmNovation\\AndyDoc\\stealth-edtech\\src\\models\\topic\\topic.model.ts": {"path":"C:\\Users\\FarmNovation\\AndyDoc\\stealth-edtech\\src\\models\\topic\\topic.model.ts","statementMap":{"0":{"start":{"line":1,"column":0},"end":{"line":1,"column":34}},"1":{"start":{"line":3,"column":13},"end":{"line":16,"column":2}}},"fnMap":{},"branchMap":{},"s":{"0":1,"1":1},"f":{},"b":{}}
,"C:\\Users\\FarmNovation\\AndyDoc\\stealth-edtech\\src\\models\\topic\\topic.ts": {"path":"C:\\Users\\FarmNovation\\AndyDoc\\stealth-edtech\\src\\models\\topic\\topic.ts","statementMap":{"0":{"start":{"line":1,"column":0},"end":{"line":1,"column":33}},"1":{"start":{"line":3,"column":0},"end":{"line":3,"column":44}},"2":{"start":{"line":5,"column":19},"end":{"line":5,"column":54}},"3":{"start":{"line":6,"column":0},"end":{"line":6,"column":26}}},"fnMap":{},"branchMap":{},"s":{"0":1,"1":1,"2":1,"3":1},"f":{},"b":{}}
,"C:\\Users\\FarmNovation\\AndyDoc\\stealth-edtech\\src\\services\\question.services.ts": {"path":"C:\\Users\\FarmNovation\\AndyDoc\\stealth-edtech\\src\\services\\question.services.ts","statementMap":{"0":{"start":{"line":1,"column":0},"end":{"line":1,"column":56}},"1":{"start":{"line":3,"column":0},"end":{"line":3,"column":36}},"2":{"start":{"line":5,"column":30},"end":{"line":22,"column":2}},"3":{"start":{"line":11,"column":25},"end":{"line":22,"column":2}},"4":{"start":{"line":12,"column":2},"end":{"line":21,"column":7}},"5":{"start":{"line":19,"column":6},"end":{"line":19,"column":null}},"6":{"start":{"line":20,"column":6},"end":{"line":20,"column":55}},"7":{"start":{"line":5,"column":13},"end":{"line":5,"column":30}}},"fnMap":{"0":{"name":"(anonymous_8)","decl":{"start":{"line":5,"column":30},"end":{"line":5,"column":37}},"loc":{"start":{"line":11,"column":25},"end":{"line":22,"column":2}}},"1":{"name":"(anonymous_9)","decl":{"start":{"line":11,"column":25},"end":{"line":11,"column":null}},"loc":{"start":{"line":11,"column":25},"end":{"line":22,"column":1}}},"2":{"name":"(anonymous_10)","decl":{"start":{"line":17,"column":11},"end":{"line":17,"column":12}},"loc":{"start":{"line":17,"column":28},"end":{"line":21,"column":5}}}},"branchMap":{},"s":{"0":1,"1":1,"2":1,"3":2,"4":2,"5":1,"6":1,"7":1},"f":{"0":2,"1":2,"2":1},"b":{}}
,"C:\\Users\\FarmNovation\\AndyDoc\\stealth-edtech\\src\\services\\topic.services.ts": {"path":"C:\\Users\\FarmNovation\\AndyDoc\\stealth-edtech\\src\\services\\topic.services.ts","statementMap":{"0":{"start":{"line":2,"column":0},"end":{"line":2,"column":47}},"1":{"start":{"line":3,"column":0},"end":{"line":3,"column":54}},"2":{"start":{"line":5,"column":27},"end":{"line":24,"column":2}},"3":{"start":{"line":11,"column":29},"end":{"line":24,"column":2}},"4":{"start":{"line":12,"column":2},"end":{"line":23,"column":null}},"5":{"start":{"line":13,"column":4},"end":{"line":13,"column":28}},"6":{"start":{"line":13,"column":16},"end":{"line":13,"column":28}},"7":{"start":{"line":14,"column":4},"end":{"line":18,"column":7}},"8":{"start":{"line":21,"column":4},"end":{"line":21,"column":20}},"9":{"start":{"line":22,"column":4},"end":{"line":22,"column":50}},"10":{"start":{"line":5,"column":13},"end":{"line":5,"column":27}},"11":{"start":{"line":26,"column":25},"end":{"line":35,"column":2}},"12":{"start":{"line":26,"column":73},"end":{"line":35,"column":2}},"13":{"start":{"line":27,"column":2},"end":{"line":34,"column":null}},"14":{"start":{"line":28,"column":4},"end":{"line":28,"column":28}},"15":{"start":{"line":28,"column":16},"end":{"line":28,"column":28}},"16":{"start":{"line":29,"column":4},"end":{"line":29,"column":47}},"17":{"start":{"line":32,"column":4},"end":{"line":32,"column":20}},"18":{"start":{"line":33,"column":4},"end":{"line":33,"column":44}},"19":{"start":{"line":26,"column":13},"end":{"line":26,"column":25}},"20":{"start":{"line":37,"column":44},"end":{"line":126,"column":2}},"21":{"start":{"line":40,"column":23},"end":{"line":126,"column":2}},"22":{"start":{"line":41,"column":2},"end":{"line":125,"column":null}},"23":{"start":{"line":42,"column":4},"end":{"line":42,"column":26}},"24":{"start":{"line":42,"column":16},"end":{"line":42,"column":26}},"25":{"start":{"line":43,"column":22},"end":{"line":119,"column":6}},"26":{"start":{"line":120,"column":4},"end":{"line":120,"column":79}},"27":{"start":{"line":120,"column":36},"end":{"line":120,"column":78}},"28":{"start":{"line":123,"column":4},"end":{"line":123,"column":20}},"29":{"start":{"line":124,"column":4},"end":{"line":124,"column":54}},"30":{"start":{"line":37,"column":13},"end":{"line":37,"column":44}}},"fnMap":{"0":{"name":"(anonymous_8)","decl":{"start":{"line":5,"column":27},"end":{"line":5,"column":34}},"loc":{"start":{"line":11,"column":29},"end":{"line":24,"column":2}}},"1":{"name":"(anonymous_9)","decl":{"start":{"line":11,"column":29},"end":{"line":11,"column":null}},"loc":{"start":{"line":11,"column":29},"end":{"line":24,"column":1}}},"2":{"name":"(anonymous_10)","decl":{"start":{"line":26,"column":25},"end":{"line":26,"column":32}},"loc":{"start":{"line":26,"column":73},"end":{"line":35,"column":2}}},"3":{"name":"(anonymous_11)","decl":{"start":{"line":26,"column":73},"end":{"line":26,"column":null}},"loc":{"start":{"line":26,"column":73},"end":{"line":35,"column":1}}},"4":{"name":"(anonymous_12)","decl":{"start":{"line":37,"column":44},"end":{"line":37,"column":null}},"loc":{"start":{"line":40,"column":23},"end":{"line":126,"column":2}}},"5":{"name":"(anonymous_13)","decl":{"start":{"line":40,"column":23},"end":{"line":40,"column":null}},"loc":{"start":{"line":40,"column":23},"end":{"line":126,"column":1}}},"6":{"name":"(anonymous_14)","decl":{"start":{"line":120,"column":25},"end":{"line":120,"column":33}},"loc":{"start":{"line":120,"column":36},"end":{"line":120,"column":78}}}},"branchMap":{"0":{"loc":{"start":{"line":13,"column":4},"end":{"line":13,"column":28}},"type":"if","locations":[{"start":{"line":13,"column":4},"end":{"line":13,"column":28}},{"start":{"line":13,"column":4},"end":{"line":13,"column":28}}]},"1":{"loc":{"start":{"line":28,"column":4},"end":{"line":28,"column":28}},"type":"if","locations":[{"start":{"line":28,"column":4},"end":{"line":28,"column":28}},{"start":{"line":28,"column":4},"end":{"line":28,"column":28}}]},"2":{"loc":{"start":{"line":42,"column":4},"end":{"line":42,"column":26}},"type":"if","locations":[{"start":{"line":42,"column":4},"end":{"line":42,"column":26}},{"start":{"line":42,"column":4},"end":{"line":42,"column":26}}]},"3":{"loc":{"start":{"line":64,"column":10},"end":{"line":73,"column":null}},"type":"cond-expr","locations":[{"start":{"line":64,"column":10},"end":{"line":73,"column":null}},{"start":{"line":74,"column":10},"end":{"line":112,"column":12}}]},"4":{"loc":{"start":{"line":120,"column":71},"end":{"line":120,"column":75}},"type":"cond-expr","locations":[{"start":{"line":120,"column":71},"end":{"line":120,"column":75}},{"start":{"line":120,"column":75},"end":{"line":120,"column":77}}]},"5":{"loc":{"start":{"line":120,"column":36},"end":{"line":120,"column":75}},"type":"binary-expr","locations":[{"start":{"line":120,"column":36},"end":{"line":120,"column":75}},{"start":{"line":120,"column":71},"end":{"line":120,"column":75}}]},"6":{"loc":{"start":{"line":120,"column":55},"end":{"line":120,"column":57}},"type":"cond-expr","locations":[{"start":{"line":120,"column":55},"end":{"line":120,"column":57}},{"start":{"line":120,"column":55},"end":{"line":120,"column":71}}]},"7":{"loc":{"start":{"line":120,"column":36},"end":{"line":120,"column":57}},"type":"binary-expr","locations":[{"start":{"line":120,"column":36},"end":{"line":120,"column":57}},{"start":{"line":120,"column":55},"end":{"line":120,"column":57}}]},"8":{"loc":{"start":{"line":120,"column":45},"end":{"line":120,"column":47}},"type":"cond-expr","locations":[{"start":{"line":120,"column":45},"end":{"line":120,"column":47}},{"start":{"line":120,"column":37},"end":{"line":120,"column":55}}]},"9":{"loc":{"start":{"line":120,"column":37},"end":{"line":120,"column":47}},"type":"binary-expr","locations":[{"start":{"line":120,"column":37},"end":{"line":120,"column":47}},{"start":{"line":120,"column":37},"end":{"line":120,"column":47}}]}},"s":{"0":1,"1":1,"2":1,"3":3,"4":3,"5":3,"6":1,"7":2,"8":1,"9":1,"10":1,"11":1,"12":3,"13":3,"14":3,"15":1,"16":2,"17":1,"18":1,"19":1,"20":1,"21":4,"22":4,"23":4,"24":1,"25":3,"26":3,"27":2,"28":1,"29":1,"30":1},"f":{"0":3,"1":3,"2":3,"3":3,"4":4,"5":4,"6":2},"b":{"0":[1,2],"1":[1,2],"2":[1,3],"3":[1,2],"4":[2,0],"5":[2,2],"6":[0,2],"7":[2,2],"8":[0,2],"9":[2,2]}}
,"C:\\Users\\FarmNovation\\AndyDoc\\stealth-edtech\\src\\utils\\index.ts": {"path":"C:\\Users\\FarmNovation\\AndyDoc\\stealth-edtech\\src\\utils\\index.ts","statementMap":{"0":{"start":{"line":1,"column":0},"end":{"line":1,"column":39}},"1":{"start":{"line":2,"column":20},"end":{"line":115,"column":2}},"2":{"start":{"line":117,"column":32},"end":{"line":138,"column":1}},"3":{"start":{"line":118,"column":19},"end":{"line":118,"column":71}},"4":{"start":{"line":120,"column":19},"end":{"line":120,"column":21}},"5":{"start":{"line":121,"column":19},"end":{"line":121,"column":21}},"6":{"start":{"line":122,"column":14},"end":{"line":122,"column":15}},"7":{"start":{"line":123,"column":2},"end":{"line":134,"column":null}},"8":{"start":{"line":124,"column":4},"end":{"line":132,"column":null}},"9":{"start":{"line":125,"column":6},"end":{"line":125,"column":59}},"10":{"start":{"line":125,"column":33},"end":{"line":125,"column":59}},"11":{"start":{"line":126,"column":6},"end":{"line":126,"column":22}},"12":{"start":{"line":128,"column":6},"end":{"line":128,"column":39}},"13":{"start":{"line":129,"column":6},"end":{"line":131,"column":null}},"14":{"start":{"line":130,"column":8},"end":{"line":130,"column":34}},"15":{"start":{"line":133,"column":4},"end":{"line":133,"column":12}},"16":{"start":{"line":135,"column":22},"end":{"line":135,"column":68}},"17":{"start":{"line":135,"column":48},"end":{"line":135,"column":67}},"18":{"start":{"line":137,"column":2},"end":{"line":137,"column":42}},"19":{"start":{"line":117,"column":13},"end":{"line":117,"column":32}},"20":{"start":{"line":140,"column":24},"end":{"line":142,"column":1}},"21":{"start":{"line":141,"column":2},"end":{"line":141,"column":33}},"22":{"start":{"line":140,"column":13},"end":{"line":140,"column":24}}},"fnMap":{"0":{"name":"(anonymous_6)","decl":{"start":{"line":117,"column":32},"end":{"line":117,"column":33}},"loc":{"start":{"line":117,"column":64},"end":{"line":138,"column":1}}},"1":{"name":"(anonymous_7)","decl":{"start":{"line":135,"column":35},"end":{"line":135,"column":44}},"loc":{"start":{"line":135,"column":48},"end":{"line":135,"column":67}}},"2":{"name":"(anonymous_8)","decl":{"start":{"line":140,"column":24},"end":{"line":140,"column":25}},"loc":{"start":{"line":140,"column":47},"end":{"line":142,"column":1}}}},"branchMap":{"0":{"loc":{"start":{"line":124,"column":4},"end":{"line":132,"column":null}},"type":"if","locations":[{"start":{"line":124,"column":4},"end":{"line":132,"column":null}},{"start":{"line":124,"column":4},"end":{"line":132,"column":null}}]},"1":{"loc":{"start":{"line":125,"column":6},"end":{"line":125,"column":59}},"type":"if","locations":[{"start":{"line":125,"column":6},"end":{"line":125,"column":59}},{"start":{"line":125,"column":6},"end":{"line":125,"column":59}}]},"2":{"loc":{"start":{"line":129,"column":6},"end":{"line":131,"column":null}},"type":"if","locations":[{"start":{"line":129,"column":6},"end":{"line":131,"column":null}},{"start":{"line":129,"column":6},"end":{"line":131,"column":null}}]},"3":{"loc":{"start":{"line":129,"column":10},"end":{"line":129,"column":39}},"type":"binary-expr","locations":[{"start":{"line":129,"column":10},"end":{"line":129,"column":39}},{"start":{"line":129,"column":43},"end":{"line":129,"column":64}}]}},"s":{"0":2,"1":2,"2":2,"3":2,"4":2,"5":2,"6":2,"7":2,"8":35,"9":19,"10":7,"11":19,"12":16,"13":16,"14":2,"15":35,"16":2,"17":9,"18":2,"19":2,"20":2,"21":4,"22":2},"f":{"0":2,"1":9,"2":4},"b":{"0":[19,16],"1":[7,12],"2":[2,14],"3":[16,2]}}
}
