TN:
SF:src\models\question\question.model.ts
FNF:0
FNH:0
DA:1,1
DA:3,1
LF:2
LH:2
BRF:0
BRH:0
end_of_record
TN:
SF:src\models\question\question.ts
FNF:0
FNH:0
DA:1,1
DA:3,1
DA:5,1
DA:6,1
LF:4
LH:4
BRF:0
BRH:0
end_of_record
TN:
SF:src\models\topic\topic.model.ts
FNF:0
FNH:0
DA:1,1
DA:3,1
LF:2
LH:2
BRF:0
BRH:0
end_of_record
TN:
SF:src\models\topic\topic.ts
FNF:0
FNH:0
DA:1,1
DA:3,1
DA:5,1
DA:6,1
LF:4
LH:4
BRF:0
BRH:0
end_of_record
TN:
SF:src\services\question.services.ts
FN:5,(anonymous_8)
FN:11,(anonymous_9)
FN:17,(anonymous_10)
FNF:3
FNH:3
FNDA:2,(anonymous_8)
FNDA:2,(anonymous_9)
FNDA:1,(anonymous_10)
DA:1,1
DA:3,1
DA:5,1
DA:11,2
DA:12,2
DA:19,1
DA:20,1
LF:7
LH:7
BRF:0
BRH:0
end_of_record
TN:
SF:src\services\topic.services.ts
FN:5,(anonymous_8)
FN:11,(anonymous_9)
FN:26,(anonymous_10)
FN:26,(anonymous_11)
FN:37,(anonymous_12)
FN:39,(anonymous_13)
FN:88,(anonymous_14)
FNF:7
FNH:7
FNDA:3,(anonymous_8)
FNDA:3,(anonymous_9)
FNDA:3,(anonymous_10)
FNDA:3,(anonymous_11)
FNDA:3,(anonymous_12)
FNDA:3,(anonymous_13)
FNDA:1,(anonymous_14)
DA:2,1
DA:3,1
DA:5,1
DA:11,3
DA:12,3
DA:13,3
DA:14,2
DA:21,1
DA:22,1
DA:26,3
DA:27,3
DA:28,3
DA:29,2
DA:32,1
DA:33,1
DA:37,1
DA:39,3
DA:40,3
DA:41,3
DA:42,2
DA:87,2
DA:88,1
DA:92,1
DA:93,1
LF:24
LH:24
BRDA:13,0,0,1
BRDA:13,0,1,2
BRDA:28,1,0,1
BRDA:28,1,1,2
BRDA:41,2,0,1
BRDA:41,2,1,2
BRDA:88,3,0,1
BRDA:88,3,1,0
BRDA:88,4,0,1
BRDA:88,4,1,1
BRDA:88,5,0,0
BRDA:88,5,1,1
BRDA:88,6,0,1
BRDA:88,6,1,1
BRDA:88,7,0,0
BRDA:88,7,1,1
BRDA:88,8,0,1
BRDA:88,8,1,1
BRF:18
BRH:15
end_of_record
TN:
SF:src\utils\index.ts
FN:113,(anonymous_6)
FN:119,(anonymous_7)
FN:121,(anonymous_8)
FN:128,(anonymous_9)
FNF:4
FNH:4
FNDA:2,(anonymous_6)
FNDA:35,(anonymous_7)
FNDA:3780,(anonymous_8)
FNDA:4,(anonymous_9)
DA:1,2
DA:2,2
DA:113,2
DA:114,2
DA:120,35
DA:121,3780
DA:128,2
DA:129,4
LF:8
LH:8
BRF:0
BRH:0
end_of_record
