TN:
SF:src\models\question\question.model.ts
FNF:0
FNH:0
DA:1,1
DA:3,1
LF:2
LH:2
BRF:0
BRH:0
end_of_record
TN:
SF:src\models\question\question.ts
FNF:0
FNH:0
DA:1,1
DA:3,1
DA:5,1
DA:6,1
LF:4
LH:4
BRF:0
BRH:0
end_of_record
TN:
SF:src\models\topic\topic.model.ts
FNF:0
FNH:0
DA:1,1
DA:3,1
LF:2
LH:2
BRF:0
BRH:0
end_of_record
TN:
SF:src\models\topic\topic.ts
FNF:0
FNH:0
DA:1,1
DA:3,1
DA:5,1
DA:6,1
LF:4
LH:4
BRF:0
BRH:0
end_of_record
TN:
SF:src\services\question.services.ts
FN:4,(anonymous_8)
FN:10,(anonymous_9)
FN:16,(anonymous_10)
FNF:3
FNH:2
FNDA:1,(anonymous_8)
FNDA:1,(anonymous_9)
FNDA:0,(anonymous_10)
DA:1,1
DA:4,1
DA:10,1
DA:11,1
DA:19,0
LF:5
LH:4
BRF:0
BRH:0
end_of_record
TN:
SF:src\services\topic.services.ts
FN:5,(anonymous_8)
FN:11,(anonymous_9)
FN:19,(anonymous_10)
FN:25,(anonymous_11)
FN:25,(anonymous_12)
FN:35,(anonymous_13)
FN:37,(anonymous_14)
FN:86,(anonymous_15)
FNF:8
FNH:7
FNDA:2,(anonymous_8)
FNDA:2,(anonymous_9)
FNDA:0,(anonymous_10)
FNDA:2,(anonymous_11)
FNDA:2,(anonymous_12)
FNDA:2,(anonymous_13)
FNDA:2,(anonymous_14)
FNDA:1,(anonymous_15)
DA:2,1
DA:3,1
DA:5,1
DA:11,2
DA:12,2
DA:13,1
DA:21,0
DA:25,2
DA:26,2
DA:27,2
DA:28,1
DA:31,0
DA:35,1
DA:37,2
DA:38,2
DA:39,2
DA:40,1
DA:85,1
DA:86,1
DA:91,0
LF:20
LH:17
BRDA:12,0,0,1
BRDA:12,0,1,1
BRDA:27,1,0,1
BRDA:27,1,1,1
BRDA:39,2,0,1
BRDA:39,2,1,1
BRDA:86,3,0,1
BRDA:86,3,1,0
BRDA:86,4,0,1
BRDA:86,4,1,1
BRDA:86,5,0,0
BRDA:86,5,1,1
BRDA:86,6,0,1
BRDA:86,6,1,1
BRDA:86,7,0,0
BRDA:86,7,1,1
BRDA:86,8,0,1
BRDA:86,8,1,1
BRF:18
BRH:15
end_of_record
TN:
SF:src\utils\index.ts
FN:112,(anonymous_0)
FN:118,(anonymous_1)
FN:120,(anonymous_2)
FNF:3
FNH:3
FNDA:1,(anonymous_0)
FNDA:34,(anonymous_1)
FNDA:3672,(anonymous_2)
DA:1,1
DA:112,1
DA:113,1
DA:119,34
DA:120,3672
LF:5
LH:5
BRF:0
BRH:0
end_of_record
